<?xml version="1.0" encoding="UTF-8"?>
<!-- Generated by org.testng.reporters.JUnitReportReporter -->
<testsuite skipped="0" hostname="SANTOSH" name="nursing_Page_Tests.NursingDemo_Page_Test" tests="2" failures="0" timestamp="09 Mar 2023 15:04:14 GMT" time="17.725" errors="0">
  <testcase name="newPatientAdmission" time="5.130" classname="nursing_Page_Tests.NursingDemo_Page_Test"/>
  <testcase name="NursingDemoRegistration" time="12.595" classname="nursing_Page_Tests.NursingDemo_Page_Test"/>
</testsuite> <!-- nursing_Page_Tests.NursingDemo_Page_Test -->
