<?xml version="1.0" encoding="UTF-8"?>
<!-- Generated by org.testng.reporters.JUnitReportReporter -->
<testsuite skipped="0" hostname="SANTOSH" name="knowledgeware_Page_Tests.RegisterOne_Page_Test" tests="1" failures="0" timestamp="09 Mar 2023 18:32:11 GMT" time="10.648" errors="0">
  <testcase name="KnowledgewareRegistration" time="10.648" classname="knowledgeware_Page_Tests.RegisterOne_Page_Test"/>
</testsuite> <!-- knowledgeware_Page_Tests.RegisterOne_Page_Test -->
