<?xml version="1.0" encoding="UTF-8"?>
<!-- Generated by org.testng.reporters.JUnitReportReporter -->
<testsuite skipped="0" hostname="SANTOSH" name="nursing_Page_Tests.NursingDemo_Page_Test" tests="2" failures="0" timestamp="18 Mar 2023 12:51:14 GMT" time="174.219" errors="0">
  <testcase name="NursingDemoRegistration" time="93.083" classname="nursing_Page_Tests.NursingDemo_Page_Test"/>
  <testcase name="NursingDemoDataProvider" time="81.136" classname="nursing_Page_Tests.NursingDemo_Page_Test"/>
</testsuite> <!-- nursing_Page_Tests.NursingDemo_Page_Test -->
