<?xml version="1.0" encoding="UTF-8"?>
<!-- Generated by org.testng.reporters.JUnitReportReporter -->
<testsuite skipped="0" hostname="SANTOSH" name="knowledgeware_Page_Tests.RegistrationOne_Page_DataProvider_Test" tests="1" failures="0" timestamp="07 Mar 2023 11:17:40 GMT" time="10.628" errors="0">
  <testcase name="KnowledgewareRegistration" time="10.628" classname="knowledgeware_Page_Tests.RegistrationOne_Page_DataProvider_Test"/>
</testsuite> <!-- knowledgeware_Page_Tests.RegistrationOne_Page_DataProvider_Test -->
