<?xml version="1.0" encoding="UTF-8"?>
<!-- Generated by org.testng.reporters.JUnitReportReporter -->
<testsuite skipped="0" hostname="SANTOSH" name="knowledgeware_Page_Tests.NursingDemo_Page_Test" tests="1" failures="0" timestamp="07 Mar 2023 11:16:56 GMT" time="13.565" errors="0">
  <testcase name="KnowledgewareRegistration" time="13.565" classname="knowledgeware_Page_Tests.NursingDemo_Page_Test"/>
</testsuite> <!-- knowledgeware_Page_Tests.NursingDemo_Page_Test -->
